# JRE version: OpenJDK Runtime Environment Temurin-17.0.3+7 (17.0.3+7) (build 17.0.3+7)
# Java VM: OpenJDK 64-Bit Server VM Temurin-17.0.3+7 (17.0.3+7, mixed mode, sharing, tiered, compressed oops, compressed class ptrs, g1 gc, windows-amd64)
GC Precious Log:
 CPUs: 16 total, 16 available
 Memory: 16066M
 Large Page Support: Disabled
 NUMA Support: Disabled
 Compressed Oops: Enabled (Zero based)
 Heap Region Size: 2M
 Heap Min Capacity: 512M
 Heap Initial Capacity: 512M
 Heap Max Capacity: 4072M
 Pre-touch: Disabled
 Parallel Workers: 13
 Concurrent Workers: 3
 Concurrent Refinement Workers: 13
 Periodic GC: Disabled
 String Deduplication is enabled
Heap:
 garbage-first heap   total 524288K, used 141473K [0x0000000701800000, 0x0000000800000000)
  region size 2048K, 21 young (43008K), 2 survivors (4096K)
 Metaspace       used 90544K, committed 91200K, reserved 1130496K
  class space    used 12208K, committed 12672K, reserved 1048576K
GC Heap History (20 events):
Event: 90161.510 GC heap before
{Heap before GC invocations=559 (full 363):
 garbage-first heap   total 524288K, used 174775K [0x0000000701800000, 0x0000000800000000)
  region size 2048K, 40 young (81920K), 2 survivors (4096K)
 Metaspace       used 90268K, committed 90944K, reserved 1130496K
  class space    used 12205K, committed 12672K, reserved 1048576K
}
Event: 90161.514 GC heap after
{Heap after GC invocations=560 (full 363):
 garbage-first heap   total 524288K, used 97834K [0x0000000701800000, 0x0000000800000000)
  region size 2048K, 2 young (4096K), 2 survivors (4096K)
 Metaspace       used 90268K, committed 90944K, reserved 1130496K
  class space    used 12205K, committed 12672K, reserved 1048576K
}
Event: 90164.046 GC heap before
{Heap before GC invocations=560 (full 363):
 garbage-first heap   total 524288K, used 175658K [0x0000000701800000, 0x0000000800000000)
  region size 2048K, 40 young (81920K), 2 survivors (4096K)
 Metaspace       used 90357K, committed 91008K, reserved 1130496K
  class space    used 12205K, committed 12672K, reserved 1048576K
}
Event: 90164.050 GC heap after
{Heap after GC invocations=561 (full 363):
 garbage-first heap   total 524288K, used 97393K [0x0000000701800000, 0x0000000800000000)
  region size 2048K, 2 young (4096K), 2 survivors (4096K)
 Metaspace       used 90357K, committed 91008K, reserved 1130496K
  class space    used 12205K, committed 12672K, reserved 1048576K
}
Event: 90164.473 GC heap before
{Heap before GC invocations=561 (full 363):
 garbage-first heap   total 524288K, used 175217K [0x0000000701800000, 0x0000000800000000)
  region size 2048K, 40 young (81920K), 2 survivors (4096K)
 Metaspace       used 90357K, committed 91008K, reserved 1130496K
  class space    used 12205K, committed 12672K, reserved 1048576K
}
Event: 90164.477 GC heap after
{Heap after GC invocations=562 (full 363):
 garbage-first heap   total 524288K, used 97992K [0x0000000701800000, 0x0000000800000000)
  region size 2048K, 2 young (4096K), 2 survivors (4096K)
 Metaspace       used 90357K, committed 91008K, reserved 1130496K
  class space    used 12205K, committed 12672K, reserved 1048576K
}
Event: 90179.415 GC heap before
{Heap before GC invocations=562 (full 363):
 garbage-first heap   total 524288K, used 175816K [0x0000000701800000, 0x0000000800000000)
  region size 2048K, 40 young (81920K), 2 survivors (4096K)
 Metaspace       used 90359K, committed 91008K, reserved 1130496K
  class space    used 12205K, committed 12672K, reserved 1048576K
}
Event: 90179.418 GC heap after
{Heap after GC invocations=563 (full 363):
 garbage-first heap   total 524288K, used 97550K [0x0000000701800000, 0x0000000800000000)
  region size 2048K, 2 young (4096K), 2 survivors (4096K)
 Metaspace       used 90359K, committed 91008K, reserved 1130496K
  class space    used 12205K, committed 12672K, reserved 1048576K
}
Event: 90192.099 GC heap before
{Heap before GC invocations=563 (full 363):
 garbage-first heap   total 524288K, used 122126K [0x0000000701800000, 0x0000000800000000)
  region size 2048K, 15 young (30720K), 2 survivors (4096K)
 Metaspace       used 90360K, committed 91008K, reserved 1130496K
  class space    used 12205K, committed 12672K, reserved 1048576K
}
Event: 90192.168 GC heap after
{Heap after GC invocations=564 (full 364):
 garbage-first heap   total 524288K, used 81700K [0x0000000701800000, 0x0000000800000000)
  region size 2048K, 0 young (0K), 0 survivors (0K)
 Metaspace       used 90360K, committed 91008K, reserved 1130496K
  class space    used 12205K, committed 12672K, reserved 1048576K
}
Event: 90194.732 GC heap before
{Heap before GC invocations=564 (full 364):
 garbage-first heap   total 524288K, used 163620K [0x0000000701800000, 0x0000000800000000)
  region size 2048K, 40 young (81920K), 0 survivors (0K)
 Metaspace       used 90427K, committed 91136K, reserved 1130496K
  class space    used 12208K, committed 12672K, reserved 1048576K
}
Event: 90194.736 GC heap after
{Heap after GC invocations=565 (full 364):
 garbage-first heap   total 524288K, used 86114K [0x0000000701800000, 0x0000000800000000)
  region size 2048K, 3 young (6144K), 3 survivors (6144K)
 Metaspace       used 90427K, committed 91136K, reserved 1130496K
  class space    used 12208K, committed 12672K, reserved 1048576K
}
Event: 90195.115 GC heap before
{Heap before GC invocations=565 (full 364):
 garbage-first heap   total 524288K, used 145506K [0x0000000701800000, 0x0000000800000000)
  region size 2048K, 27 young (55296K), 3 survivors (6144K)
 Metaspace       used 90495K, committed 91200K, reserved 1130496K
  class space    used 12208K, committed 12672K, reserved 1048576K
}
Event: 90195.169 GC heap after
{Heap after GC invocations=566 (full 365):
 garbage-first heap   total 524288K, used 89541K [0x0000000701800000, 0x0000000800000000)
  region size 2048K, 0 young (0K), 0 survivors (0K)
 Metaspace       used 90495K, committed 91200K, reserved 1130496K
  class space    used 12208K, committed 12672K, reserved 1048576K
}
Event: 90196.413 GC heap before
{Heap before GC invocations=566 (full 365):
 garbage-first heap   total 524288K, used 179653K [0x0000000701800000, 0x0000000800000000)
  region size 2048K, 41 young (83968K), 0 survivors (0K)
 Metaspace       used 90498K, committed 91200K, reserved 1130496K
  class space    used 12208K, committed 12672K, reserved 1048576K
}
Event: 90196.415 GC heap after
{Heap after GC invocations=567 (full 365):
 garbage-first heap   total 524288K, used 99136K [0x0000000701800000, 0x0000000800000000)
  region size 2048K, 1 young (2048K), 1 survivors (2048K)
 Metaspace       used 90498K, committed 91200K, reserved 1130496K
  class space    used 12208K, committed 12672K, reserved 1048576K
}
Event: 90198.069 GC heap before
{Heap before GC invocations=567 (full 365):
 garbage-first heap   total 524288K, used 179008K [0x0000000701800000, 0x0000000800000000)
  region size 2048K, 40 young (81920K), 1 survivors (2048K)
 Metaspace       used 90501K, committed 91200K, reserved 1130496K
  class space    used 12208K, committed 12672K, reserved 1048576K
}
Event: 90198.070 GC heap after
{Heap after GC invocations=568 (full 365):
 garbage-first heap   total 524288K, used 95183K [0x0000000701800000, 0x0000000800000000)
  region size 2048K, 1 young (2048K), 1 survivors (2048K)
 Metaspace       used 90501K, committed 91200K, reserved 1130496K
  class space    used 12208K, committed 12672K, reserved 1048576K
}
Event: 90201.921 GC heap before
{Heap before GC invocations=568 (full 365):
 garbage-first heap   total 524288K, used 175055K [0x0000000701800000, 0x0000000800000000)
  region size 2048K, 40 young (81920K), 1 survivors (2048K)
 Metaspace       used 90520K, committed 91200K, reserved 1130496K
  class space    used 12208K, committed 12672K, reserved 1048576K
}
Event: 90201.923 GC heap after
{Heap after GC invocations=569 (full 365):
 garbage-first heap   total 524288K, used 96417K [0x0000000701800000, 0x0000000800000000)
  region size 2048K, 2 young (4096K), 2 survivors (4096K)
 Metaspace       used 90520K, committed 91200K, reserved 1130496K
  class space    used 12208K, committed 12672K, reserved 1048576K
}

